Success (2):
content 2474 _a-0000dbf6-5542-8000-9ba2-011c48011c48_111765 "AIM_anotherTestExpressionRule"
content 2483 _a-0000dbf6-5542-8000-9ba2-011c48011c48_111761 "AIM_testExpressionRule"

Referenced precedents that were not exported (1):
content 2470 _a-0000dbf6-5542-8000-9ba2-011c48011c48_111758

Trace:
2015-12-08 20:28:41.212 DEBUG content 2474 _a-0000dbf6-5542-8000-9ba2-011c48011c48_111765 Begin transport.
2015-12-08 20:28:41.212 DEBUG content 2474 _a-0000dbf6-5542-8000-9ba2-011c48011c48_111765 Retrieving object data.
2015-12-08 20:28:41.22 DEBUG content 2474 _a-0000dbf6-5542-8000-9ba2-011c48011c48_111765 Setting uuids of object references.
2015-12-08 20:28:41.22 DEBUG content 2474 _a-0000dbf6-5542-8000-9ba2-011c48011c48_111765 Processing reference: [Content:id=2474,versionId=-1,name=AIM_anotherTestExpressionRule,description=Another rule created for testing the AIM App.,type=32,subtype=1,uuid=_a-0000dbf6-5542-8000-9ba2-011c48011c48_111765,parent=2470,parentName=AIM Rules and Constants,parentType=2,log=2474,logName=AIM_anotherTestExpressionRule,state=255,visibility=35,security=15,creator=adriana.irvine,createdTimestamp=2015-12-04 19:10:11.0,updatedTimestamp=2015-12-04 19:10:11.0,size=0,lockedBy=,changesRequireApproval=false,attributes={dep_rules=[Ljava.lang.Long;@1afc64d5, system=0, preferredEditor=legacy, hidden=0, offlineEnabled=false, ruletype=1, dep_functions=[Ljava.lang.String;@57c9d8ae, definition=, dep_types=[Ljava.lang.String;@4246e01, parameters=[Lcom.appiancorp.suiteapi.process.TypedVariable;@2947dadc, dep_variables=[[Ljava.lang.String;@5064c9ed},partition=2,partitionName=C:/appian/11-23-15_711/_admin/accdocs2]
2015-12-08 20:28:41.22 DEBUG content 2474 _a-0000dbf6-5542-8000-9ba2-011c48011c48_111765 Processing reference: FreeformRule.forum
2015-12-08 20:28:41.22 DEBUG content 2474 _a-0000dbf6-5542-8000-9ba2-011c48011c48_111765 Processing reference: FreeformRule.parent
2015-12-08 20:28:41.221 DEBUG content 2474 _a-0000dbf6-5542-8000-9ba2-011c48011c48_111765 Processing reference: com.appiancorp.suiteapi.content.ContentRoleMap@71a0de78[
  ContentRole[name=readers,inherit=true,allowForAll=false]
  ContentRole[name=authors,inherit=true,allowForAll=false]
  ContentRole[name=administrators,inherit=true,allowForAll=false]
  ContentRole[name=denyReaders,inherit=false,allowForAll=false]
  ContentRole[name=denyAuthors,inherit=false,allowForAll=false]
  ContentRole[name=denyAdministrators,inherit=false,allowForAll=false]
  securityVector=15:SEC_PUBLIC=true,SEC_CREATOR_ADMIN=false,SEC_INH_ADMIN=true,SEC_INH_EDITOR=true,SEC_INH_VIEWER=true,SEC_ALL_ADMIN=false,SEC_ALL_EDITOR=false,SEC_ALL_VIEWER=false
]
2015-12-08 20:28:41.222 DEBUG content 2474 _a-0000dbf6-5542-8000-9ba2-011c48011c48_111765 Processing reference: ContentRole[name=readers,inherit=true,allowForAll=false]
2015-12-08 20:28:41.222 DEBUG content 2474 _a-0000dbf6-5542-8000-9ba2-011c48011c48_111765 Processing reference: ContentRole[name=authors,inherit=true,allowForAll=false]
2015-12-08 20:28:41.222 DEBUG content 2474 _a-0000dbf6-5542-8000-9ba2-011c48011c48_111765 Processing reference: ContentRole[name=administrators,inherit=true,allowForAll=false]
2015-12-08 20:28:41.222 DEBUG content 2474 _a-0000dbf6-5542-8000-9ba2-011c48011c48_111765 Processing reference: ContentRole[name=denyReaders,inherit=false,allowForAll=false]
2015-12-08 20:28:41.222 DEBUG content 2474 _a-0000dbf6-5542-8000-9ba2-011c48011c48_111765 Processing reference: ContentRole[name=denyAuthors,inherit=false,allowForAll=false]
2015-12-08 20:28:41.222 DEBUG content 2474 _a-0000dbf6-5542-8000-9ba2-011c48011c48_111765 Processing reference: ContentRole[name=denyAdministrators,inherit=false,allowForAll=false]
2015-12-08 20:28:41.222 DEBUG content 2474 _a-0000dbf6-5542-8000-9ba2-011c48011c48_111765 Exporting binary resources.
2015-12-08 20:28:41.222 DEBUG content 2474 _a-0000dbf6-5542-8000-9ba2-011c48011c48_111765 Serializing object to XML.
2015-12-08 20:28:41.223 DEBUG content 2474 _a-0000dbf6-5542-8000-9ba2-011c48011c48_111765 Object transported.
2015-12-08 20:28:41.223 DEBUG content 2483 _a-0000dbf6-5542-8000-9ba2-011c48011c48_111761 Begin transport.
2015-12-08 20:28:41.223 DEBUG content 2483 _a-0000dbf6-5542-8000-9ba2-011c48011c48_111761 Retrieving object data.
2015-12-08 20:28:41.229 DEBUG content 2483 _a-0000dbf6-5542-8000-9ba2-011c48011c48_111761 Setting uuids of object references.
2015-12-08 20:28:41.229 DEBUG content 2483 _a-0000dbf6-5542-8000-9ba2-011c48011c48_111761 Processing reference: [Content:id=2472,versionId=-1,name=AIM_testExpressionRule,description=Rule created for the Testing AIM App.,type=32,subtype=1,uuid=_a-0000dbf6-5542-8000-9ba2-011c48011c48_111761,parent=2470,parentName=AIM Rules and Constants,parentType=2,log=2483,logName=AIM_testExpressionRule,state=255,visibility=35,security=15,creator=adriana.irvine,createdTimestamp=2015-12-08 20:28:09.0,updatedTimestamp=2015-12-08 20:28:09.0,size=0,lockedBy=,changesRequireApproval=false,attributes={dep_rules=[Ljava.lang.Long;@1f70cdb0, system=0, preferredEditor=legacy, hidden=0, offlineEnabled=false, ruletype=1, dep_functions=[Ljava.lang.String;@24159d3, definition=tostring(ri!text)&tostring(ri!text)&tostring(ri!text), dep_types=[Ljava.lang.String;@eb82acb, parameters=[Lcom.appiancorp.suiteapi.process.TypedVariable;@4cbd63b3, dep_variables=[[Ljava.lang.String;@55392ad9},partition=2,partitionName=C:/appian/11-23-15_711/_admin/accdocs2]
2015-12-08 20:28:41.23 DEBUG content 2483 _a-0000dbf6-5542-8000-9ba2-011c48011c48_111761 Processing reference: FreeformRule.forum
2015-12-08 20:28:41.23 DEBUG content 2483 _a-0000dbf6-5542-8000-9ba2-011c48011c48_111761 Processing reference: TypedVariable[name=text,it=3,v=]
2015-12-08 20:28:41.23 DEBUG content 2483 _a-0000dbf6-5542-8000-9ba2-011c48011c48_111761 Processing reference: FreeformRule.parent
2015-12-08 20:28:41.232 DEBUG content 2483 _a-0000dbf6-5542-8000-9ba2-011c48011c48_111761 Processing reference: com.appiancorp.suiteapi.content.ContentRoleMap@4eccf08e[
  ContentRole[name=readers,inherit=true,allowForAll=false]
  ContentRole[name=authors,inherit=true,allowForAll=false]
  ContentRole[name=administrators,inherit=true,allowForAll=false]
  ContentRole[name=denyReaders,inherit=false,allowForAll=false]
  ContentRole[name=denyAuthors,inherit=false,allowForAll=false]
  ContentRole[name=denyAdministrators,inherit=false,allowForAll=false]
  securityVector=15:SEC_PUBLIC=true,SEC_CREATOR_ADMIN=false,SEC_INH_ADMIN=true,SEC_INH_EDITOR=true,SEC_INH_VIEWER=true,SEC_ALL_ADMIN=false,SEC_ALL_EDITOR=false,SEC_ALL_VIEWER=false
]
2015-12-08 20:28:41.232 DEBUG content 2483 _a-0000dbf6-5542-8000-9ba2-011c48011c48_111761 Processing reference: ContentRole[name=readers,inherit=true,allowForAll=false]
2015-12-08 20:28:41.232 DEBUG content 2483 _a-0000dbf6-5542-8000-9ba2-011c48011c48_111761 Processing reference: ContentRole[name=authors,inherit=true,allowForAll=false]
2015-12-08 20:28:41.232 DEBUG content 2483 _a-0000dbf6-5542-8000-9ba2-011c48011c48_111761 Processing reference: ContentRole[name=administrators,inherit=true,allowForAll=false]
2015-12-08 20:28:41.232 DEBUG content 2483 _a-0000dbf6-5542-8000-9ba2-011c48011c48_111761 Processing reference: ContentRole[name=denyReaders,inherit=false,allowForAll=false]
2015-12-08 20:28:41.232 DEBUG content 2483 _a-0000dbf6-5542-8000-9ba2-011c48011c48_111761 Processing reference: ContentRole[name=denyAuthors,inherit=false,allowForAll=false]
2015-12-08 20:28:41.232 DEBUG content 2483 _a-0000dbf6-5542-8000-9ba2-011c48011c48_111761 Processing reference: ContentRole[name=denyAdministrators,inherit=false,allowForAll=false]
2015-12-08 20:28:41.232 DEBUG content 2483 _a-0000dbf6-5542-8000-9ba2-011c48011c48_111761 Exporting binary resources.
2015-12-08 20:28:41.232 DEBUG content 2483 _a-0000dbf6-5542-8000-9ba2-011c48011c48_111761 Serializing object to XML.
2015-12-08 20:28:41.234 DEBUG content 2483 _a-0000dbf6-5542-8000-9ba2-011c48011c48_111761 Object transported.
